<?xml version="1.0" encoding="UTF-8"?>
<testsuite name="org.epnoi.plecko.UserRepositoryTest" time="0.006" tests="1" errors="0" skipped="0" failures="1">
  <properties>
    <property name="java.runtime.name" value="Java(TM) SE Runtime Environment"/>
    <property name="sun.boot.library.path" value="/usr/lib/jvm/java-8-oracle/jre/lib/amd64"/>
    <property name="java.vm.version" value="25.101-b13"/>
    <property name="java.vm.vendor" value="Oracle Corporation"/>
    <property name="maven.multiModuleProjectDirectory" value="/opt/epnoi/plecko"/>
    <property name="java.vendor.url" value="http://java.oracle.com/"/>
    <property name="path.separator" value=":"/>
    <property name="guice.disable.misplaced.annotation.check" value="true"/>
    <property name="java.vm.name" value="Java HotSpot(TM) 64-Bit Server VM"/>
    <property name="file.encoding.pkg" value="sun.io"/>
    <property name="user.country" value="ES"/>
    <property name="sun.java.launcher" value="SUN_STANDARD"/>
    <property name="sun.os.patch.level" value="unknown"/>
    <property name="java.vm.specification.name" value="Java Virtual Machine Specification"/>
    <property name="user.dir" value="/opt/epnoi/plecko"/>
    <property name="java.runtime.version" value="1.8.0_101-b13"/>
    <property name="java.awt.graphicsenv" value="sun.awt.X11GraphicsEnvironment"/>
    <property name="java.endorsed.dirs" value="/usr/lib/jvm/java-8-oracle/jre/lib/endorsed"/>
    <property name="os.arch" value="amd64"/>
    <property name="java.io.tmpdir" value="/tmp"/>
    <property name="line.separator" value="&#10;"/>
    <property name="java.vm.specification.vendor" value="Oracle Corporation"/>
    <property name="os.name" value="Linux"/>
    <property name="classworlds.conf" value="/usr/share/maven/bin/m2.conf"/>
    <property name="sun.jnu.encoding" value="UTF-8"/>
    <property name="java.library.path" value="/opt/intellij-idea-community/bin::/usr/java/packages/lib/amd64:/usr/lib64:/lib64:/lib:/usr/lib"/>
    <property name="java.specification.name" value="Java Platform API Specification"/>
    <property name="java.class.version" value="52.0"/>
    <property name="sun.management.compiler" value="HotSpot 64-Bit Tiered Compilers"/>
    <property name="os.version" value="4.4.0-21-generic"/>
    <property name="user.home" value="/home/fitash"/>
    <property name="user.timezone" value="Europe/Madrid"/>
    <property name="java.awt.printerjob" value="sun.print.PSPrinterJob"/>
    <property name="file.encoding" value="UTF-8"/>
    <property name="java.specification.version" value="1.8"/>
    <property name="user.name" value="fitash"/>
    <property name="java.class.path" value="/usr/share/maven/boot/plexus-classworlds-2.x.jar"/>
    <property name="java.vm.specification.version" value="1.8"/>
    <property name="sun.arch.data.model" value="64"/>
    <property name="java.home" value="/usr/lib/jvm/java-8-oracle/jre"/>
    <property name="sun.java.command" value="org.codehaus.plexus.classworlds.launcher.Launcher install"/>
    <property name="java.specification.vendor" value="Oracle Corporation"/>
    <property name="user.language" value="es"/>
    <property name="awt.toolkit" value="sun.awt.X11.XToolkit"/>
    <property name="java.vm.info" value="mixed mode"/>
    <property name="java.version" value="1.8.0_101"/>
    <property name="java.ext.dirs" value="/usr/lib/jvm/java-8-oracle/jre/lib/ext:/usr/java/packages/lib/ext"/>
    <property name="securerandom.source" value="file:/dev/./urandom"/>
    <property name="sun.boot.class.path" value="/usr/lib/jvm/java-8-oracle/jre/lib/resources.jar:/usr/lib/jvm/java-8-oracle/jre/lib/rt.jar:/usr/lib/jvm/java-8-oracle/jre/lib/sunrsasign.jar:/usr/lib/jvm/java-8-oracle/jre/lib/jsse.jar:/usr/lib/jvm/java-8-oracle/jre/lib/jce.jar:/usr/lib/jvm/java-8-oracle/jre/lib/charsets.jar:/usr/lib/jvm/java-8-oracle/jre/lib/jfr.jar:/usr/lib/jvm/java-8-oracle/jre/classes"/>
    <property name="java.vendor" value="Oracle Corporation"/>
    <property name="maven.home" value="/usr/share/maven"/>
    <property name="file.separator" value="/"/>
    <property name="java.vendor.url.bug" value="http://bugreport.sun.com/bugreport/"/>
    <property name="sun.cpu.endian" value="little"/>
    <property name="sun.io.unicode.encoding" value="UnicodeLittle"/>
    <property name="sun.cpu.isalist" value=""/>
  </properties>
  <testcase name="testGraph" classname="org.epnoi.plecko.UserRepositoryTest" time="0.006">
    <failure message="&#10;Expected: iterable containing [&lt;[a]&gt;]&#10;     but: item 0: was &quot;a&quot;" type="java.lang.AssertionError"><![CDATA[java.lang.AssertionError: 
Expected: iterable containing [<[a]>]
     but: item 0: was "a"
	at org.hamcrest.MatcherAssert.assertThat(MatcherAssert.java:20)
	at org.hamcrest.MatcherAssert.assertThat(MatcherAssert.java:8)
	at org.epnoi.plecko.UserRepositoryTest.testGraph(UserRepositoryTest.java:50)
]]></failure>
    <system-out><![CDATA[2016-09-23 01:25:02.943  INFO 922 --- [           main] o.s.t.c.support.AbstractContextLoader    : Could not detect default resource locations for test class [org.epnoi.plecko.UserRepositoryTest]: no resource found for suffixes {-context.xml, Context.groovy}.
2016-09-23 01:25:02.944  INFO 922 --- [           main] o.s.t.c.s.DefaultTestContextBootstrapper : Loaded default TestExecutionListener class names from location [META-INF/spring.factories]: [org.springframework.test.context.web.ServletTestExecutionListener, org.springframework.test.context.support.DirtiesContextBeforeModesTestExecutionListener, org.springframework.test.context.support.DependencyInjectionTestExecutionListener, org.springframework.test.context.support.DirtiesContextTestExecutionListener, org.springframework.test.context.transaction.TransactionalTestExecutionListener, org.springframework.test.context.jdbc.SqlScriptsTestExecutionListener]
2016-09-23 01:25:02.945  INFO 922 --- [           main] o.s.t.c.s.DefaultTestContextBootstrapper : Using TestExecutionListeners: [org.springframework.test.context.web.ServletTestExecutionListener@472b0093, org.springframework.test.context.support.DirtiesContextBeforeModesTestExecutionListener@31953b62, org.springframework.test.context.support.DependencyInjectionTestExecutionListener@501e5359, org.springframework.test.context.support.DirtiesContextTestExecutionListener@7aef4fed, org.springframework.test.context.transaction.TransactionalTestExecutionListener@65dfe7bb, org.springframework.test.context.jdbc.SqlScriptsTestExecutionListener@7d899e49]

  .   ____          _            __ _ _
 /\\ / ___'_ __ _ _(_)_ __  __ _ \ \ \ \
( ( )\___ | '_ | '_| | '_ \/ _` | \ \ \ \
 \\/  ___)| |_)| | | | | || (_| |  ) ) ) )
  '  |____| .__|_| |_|_| |_\__, | / / / /
 =========|_|==============|___/=/_/_/_/
 :: Spring Boot ::        (v1.3.1.RELEASE)

2016-09-23 01:25:02.972  INFO 922 --- [           main] org.epnoi.plecko.UserRepositoryTest      : Starting UserRepositoryTest on epnoi with PID 922 (/opt/epnoi/plecko/target/test-classes started by fitash in /opt/epnoi/plecko)
2016-09-23 01:25:02.972  INFO 922 --- [           main] org.epnoi.plecko.UserRepositoryTest      : No active profile set, falling back to default profiles: default
2016-09-23 01:25:02.974  INFO 922 --- [           main] s.c.a.AnnotationConfigApplicationContext : Refreshing org.springframework.context.annotation.AnnotationConfigApplicationContext@45771c0: startup date [Fri Sep 23 01:25:02 CEST 2016]; root of context hierarchy
--------> org.epnoi.plecko.domain.modules.AggregationsCreatorImpl@24454c89
2016-09-23 01:25:03.232  INFO 922 --- [           main] org.elasticsearch.node                   : [Black Dragon] version[1.5.2], pid[922], build[62ff986/2015-04-27T09:21:06Z]
2016-09-23 01:25:03.232  INFO 922 --- [           main] org.elasticsearch.node                   : [Black Dragon] initializing ...
2016-09-23 01:25:03.232  INFO 922 --- [           main] org.elasticsearch.plugins                : [Black Dragon] loaded [], sites []
2016-09-23 01:25:03.284  INFO 922 --- [           main] org.elasticsearch.node                   : [Black Dragon] initialized
2016-09-23 01:25:03.284  INFO 922 --- [           main] org.elasticsearch.node                   : [Black Dragon] starting ...
2016-09-23 01:25:03.285  INFO 922 --- [           main] org.elasticsearch.transport              : [Black Dragon] bound_address {local[2]}, publish_address {local[2]}
2016-09-23 01:25:03.286  INFO 922 --- [           main] org.elasticsearch.discovery              : [Black Dragon] elasticsearch/wHJ3y7CDTq2T2ON8_nj8Pw
2016-09-23 01:25:03.286  INFO 922 --- [pdateTask][T#1]] org.elasticsearch.cluster.service        : [Bres] added {[Black Dragon][wHJ3y7CDTq2T2ON8_nj8Pw][epnoi][local[2]]{local=true},}, reason: local-disco-receive(from node[[Black Dragon][wHJ3y7CDTq2T2ON8_nj8Pw][epnoi][local[2]]{local=true}])
2016-09-23 01:25:03.289  INFO 922 --- [pdateTask][T#1]] org.elasticsearch.cluster.service        : [Black Dragon] master {new [Bres][zAZAERERTEqK9UjD1J-dxQ][epnoi][local[1]]{local=true}}, removed {[Black Dragon][MuPFZoQHQvqunJK1f6T3iA][epnoi][local[2]]{local=true},}, added {[Bres][zAZAERERTEqK9UjD1J-dxQ][epnoi][local[1]]{local=true},}, reason: local-disco-receive(from master)
2016-09-23 01:25:03.302  INFO 922 --- [           main] org.elasticsearch.node                   : [Black Dragon] started
2016-09-23 01:25:03.424  INFO 922 --- [           main] org.epnoi.plecko.UserRepositoryTest      : Started UserRepositoryTest in 0.476 seconds (JVM running for 6.911)
]]></system-out>
  </testcase>
</testsuite>